<?xml version="1.0" encoding="UTF-8"?>
<!-- Generated by org.testng.reporters.JUnitXMLReporter -->
<testsuite hostname="mingle-t460" ignored="1" name="Surefire test" tests="2" failures="0" timestamp="2020-05-18T15:41:35 IST" time="4.302" errors="0">
  <testcase name="@BeforeTest initializeBrowser" time="4.253" classname="Academy.E2EProject.HomePageTest">
    <failure type="org.openqa.selenium.SessionNotCreatedException" message="session not created: This version of ChromeDriver only supports Chrome version 79
Build info: version: &amp;apos;3.141.59&amp;apos;, revision: &amp;apos;e82be7d358&amp;apos;, time: &amp;apos;2018-11-14T08:17:03&amp;apos;
System info: host: &amp;apos;MINGLE-T460&amp;apos;, ip: &amp;apos;10.98.50.17&amp;apos;, os.name: &amp;apos;Windows 10&amp;apos;, os.arch: &amp;apos;amd64&amp;apos;, os.version: &amp;apos;10.0&amp;apos;, java.version: &amp;apos;1.8.0_231&amp;apos;
Driver info: driver.version: ChromeDriver
remote stacktrace: Backtrace:
	Ordinal0 [0x006CA113+1548563]
	Ordinal0 [0x0064DDA1+1039777]
	Ordinal0 [0x005CE485+517253]
	Ordinal0 [0x0055FD34+64820]
	Ordinal0 [0x0055C61E+50718]
	Ordinal0 [0x0057B797+178071]
	Ordinal0 [0x0057B59D+177565]
	Ordinal0 [0x005795FB+169467]
	Ordinal0 [0x0056160A+71178]
	Ordinal0 [0x00562690+75408]
	Ordinal0 [0x00562629+75305]
	Ordinal0 [0x006671B7+1143223]
	GetHandleVerifier [0x00762B46+507814]
	GetHandleVerifier [0x00762864+507076]
	GetHandleVerifier [0x00769F47+537511]
	GetHandleVerifier [0x00763402+510050]
	Ordinal0 [0x0065F29C+1110684]
	Ordinal0 [0x0066938B+1151883]
	Ordinal0 [0x006694F3+1152243]
	Ordinal0 [0x006683F5+1147893]
	BaseThreadInitThunk [0x75366359+25]
	RtlGetAppContainerNamedObjectPath [0x77397B74+228]
	RtlGetAppContainerNamedObjectPath [0x77397B44+180]
">
      <![CDATA[org.openqa.selenium.SessionNotCreatedException: session not created: This version of ChromeDriver only supports Chrome version 79
Build info: version: '3.141.59', revision: 'e82be7d358', time: '2018-11-14T08:17:03'
System info: host: 'MINGLE-T460', ip: '10.98.50.17', os.name: 'Windows 10', os.arch: 'amd64', os.version: '10.0', java.version: '1.8.0_231'
Driver info: driver.version: ChromeDriver
remote stacktrace: Backtrace:
Ordinal0 [0x006CA113+1548563]
Ordinal0 [0x0064DDA1+1039777]
Ordinal0 [0x005CE485+517253]
Ordinal0 [0x0055FD34+64820]
Ordinal0 [0x0055C61E+50718]
Ordinal0 [0x0057B797+178071]
Ordinal0 [0x0057B59D+177565]
Ordinal0 [0x005795FB+169467]
Ordinal0 [0x0056160A+71178]
Ordinal0 [0x00562690+75408]
Ordinal0 [0x00562629+75305]
Ordinal0 [0x006671B7+1143223]
GetHandleVerifier [0x00762B46+507814]
GetHandleVerifier [0x00762864+507076]
GetHandleVerifier [0x00769F47+537511]
GetHandleVerifier [0x00763402+510050]
Ordinal0 [0x0065F29C+1110684]
Ordinal0 [0x0066938B+1151883]
Ordinal0 [0x006694F3+1152243]
Ordinal0 [0x006683F5+1147893]
BaseThreadInitThunk [0x75366359+25]
RtlGetAppContainerNamedObjectPath [0x77397B74+228]
RtlGetAppContainerNamedObjectPath [0x77397B44+180]

at org.openqa.selenium.remote.W3CHandshakeResponse.lambda$errorHandler$0(W3CHandshakeResponse.java:62)
at org.openqa.selenium.remote.HandshakeResponse.lambda$getResponseFunction$0(HandshakeResponse.java:30)
at org.openqa.selenium.remote.ProtocolHandshake.lambda$createSession$0(ProtocolHandshake.java:126)
at java.util.stream.ReferencePipeline$3$1.accept(ReferencePipeline.java:193)
at java.util.Spliterators$ArraySpliterator.tryAdvance(Spliterators.java:958)
at java.util.stream.ReferencePipeline.forEachWithCancel(ReferencePipeline.java:126)
at java.util.stream.AbstractPipeline.copyIntoWithCancel(AbstractPipeline.java:499)
at java.util.stream.AbstractPipeline.copyInto(AbstractPipeline.java:486)
at java.util.stream.AbstractPipeline.wrapAndCopyInto(AbstractPipeline.java:472)
at java.util.stream.FindOps$FindOp.evaluateSequential(FindOps.java:152)
at java.util.stream.AbstractPipeline.evaluate(AbstractPipeline.java:234)
at java.util.stream.ReferencePipeline.findFirst(ReferencePipeline.java:464)
at org.openqa.selenium.remote.ProtocolHandshake.createSession(ProtocolHandshake.java:128)
at org.openqa.selenium.remote.ProtocolHandshake.createSession(ProtocolHandshake.java:74)
at org.openqa.selenium.remote.HttpCommandExecutor.execute(HttpCommandExecutor.java:136)
at org.openqa.selenium.remote.service.DriverCommandExecutor.execute(DriverCommandExecutor.java:83)
at org.openqa.selenium.remote.RemoteWebDriver.execute(RemoteWebDriver.java:552)
at org.openqa.selenium.remote.RemoteWebDriver.startSession(RemoteWebDriver.java:213)
at org.openqa.selenium.remote.RemoteWebDriver.<init>(RemoteWebDriver.java:131)
at org.openqa.selenium.chrome.ChromeDriver.<init>(ChromeDriver.java:181)
at org.openqa.selenium.chrome.ChromeDriver.<init>(ChromeDriver.java:168)
at org.openqa.selenium.chrome.ChromeDriver.<init>(ChromeDriver.java:157)
at resources.Base.intializeDriver(Base.java:48)
at Academy.E2EProject.HomePageTest.initializeBrowser(HomePageTest.java:55)
... Removed 33 stack frames]]>
    </failure>
  </testcase> <!-- @BeforeTest initializeBrowser -->
  <testcase name="@AfterTest teardown" time="-1.589796695193E9" classname="Academy.E2EProject.HomePageTest">
    <skipped/>
  </testcase> <!-- @AfterTest teardown -->
  <testcase name="loginOnWebsite" time="0.0" classname="Academy.E2EProject.HomePageTest">
    <skipped/>
  </testcase> <!-- loginOnWebsite -->
  <testcase name="loginOnWebsite" time="0.0" classname="Academy.E2EProject.HomePageTest">
    <skipped/>
  </testcase> <!-- loginOnWebsite -->
  <testcase name="verificationOfContactTabDisplayed" time="0.0" classname="Academy.E2EProject.HomePageTest">
    <ignored/>
  </testcase> <!-- verificationOfContactTabDisplayed -->
</testsuite> <!-- Surefire test -->
