<?xml version="1.0" encoding="UTF-8"?>
<testng-results skipped="2" failed="0" ignored="1" total="3" passed="0">
  <reporter-output>
  </reporter-output>
  <suite name="Surefire suite" duration-ms="4302" started-at="2020-05-18T15:41:30 IST" finished-at="2020-05-18T15:41:35 IST">
    <groups>
    </groups>
    <test name="Surefire test" duration-ms="4302" started-at="2020-05-18T15:41:30 IST" finished-at="2020-05-18T15:41:35 IST">
      <class name="Academy.E2EProject.HomePageTest">
        <test-method status="FAIL" signature="initializeBrowser()[pri:0, instance:Academy.E2EProject.HomePageTest@59fd97a8]" name="initializeBrowser" is-config="true" duration-ms="4253" started-at="2020-05-18T15:41:30 IST" finished-at="2020-05-18T15:41:35 IST">
          <exception class="org.openqa.selenium.SessionNotCreatedException">
            <message>
              <![CDATA[session not created: This version of ChromeDriver only supports Chrome version 79
Build info: version: '3.141.59', revision: 'e82be7d358', time: '2018-11-14T08:17:03'
System info: host: 'MINGLE-T460', ip: '10.98.50.17', os.name: 'Windows 10', os.arch: 'amd64', os.version: '10.0', java.version: '1.8.0_231'
Driver info: driver.version: ChromeDriver
remote stacktrace: Backtrace:
Ordinal0 [0x006CA113+1548563]
Ordinal0 [0x0064DDA1+1039777]
Ordinal0 [0x005CE485+517253]
Ordinal0 [0x0055FD34+64820]
Ordinal0 [0x0055C61E+50718]
Ordinal0 [0x0057B797+178071]
Ordinal0 [0x0057B59D+177565]
Ordinal0 [0x005795FB+169467]
Ordinal0 [0x0056160A+71178]
Ordinal0 [0x00562690+75408]
Ordinal0 [0x00562629+75305]
Ordinal0 [0x006671B7+1143223]
GetHandleVerifier [0x00762B46+507814]
GetHandleVerifier [0x00762864+507076]
GetHandleVerifier [0x00769F47+537511]
GetHandleVerifier [0x00763402+510050]
Ordinal0 [0x0065F29C+1110684]
Ordinal0 [0x0066938B+1151883]
Ordinal0 [0x006694F3+1152243]
Ordinal0 [0x006683F5+1147893]
BaseThreadInitThunk [0x75366359+25]
RtlGetAppContainerNamedObjectPath [0x77397B74+228]
RtlGetAppContainerNamedObjectPath [0x77397B44+180]
]]>
            </message>
            <full-stacktrace>
              <![CDATA[org.openqa.selenium.SessionNotCreatedException: session not created: This version of ChromeDriver only supports Chrome version 79
Build info: version: '3.141.59', revision: 'e82be7d358', time: '2018-11-14T08:17:03'
System info: host: 'MINGLE-T460', ip: '10.98.50.17', os.name: 'Windows 10', os.arch: 'amd64', os.version: '10.0', java.version: '1.8.0_231'
Driver info: driver.version: ChromeDriver
remote stacktrace: Backtrace:
Ordinal0 [0x006CA113+1548563]
Ordinal0 [0x0064DDA1+1039777]
Ordinal0 [0x005CE485+517253]
Ordinal0 [0x0055FD34+64820]
Ordinal0 [0x0055C61E+50718]
Ordinal0 [0x0057B797+178071]
Ordinal0 [0x0057B59D+177565]
Ordinal0 [0x005795FB+169467]
Ordinal0 [0x0056160A+71178]
Ordinal0 [0x00562690+75408]
Ordinal0 [0x00562629+75305]
Ordinal0 [0x006671B7+1143223]
GetHandleVerifier [0x00762B46+507814]
GetHandleVerifier [0x00762864+507076]
GetHandleVerifier [0x00769F47+537511]
GetHandleVerifier [0x00763402+510050]
Ordinal0 [0x0065F29C+1110684]
Ordinal0 [0x0066938B+1151883]
Ordinal0 [0x006694F3+1152243]
Ordinal0 [0x006683F5+1147893]
BaseThreadInitThunk [0x75366359+25]
RtlGetAppContainerNamedObjectPath [0x77397B74+228]
RtlGetAppContainerNamedObjectPath [0x77397B44+180]

at sun.reflect.NativeConstructorAccessorImpl.newInstance0(Native Method)
at sun.reflect.NativeConstructorAccessorImpl.newInstance(NativeConstructorAccessorImpl.java:62)
at sun.reflect.DelegatingConstructorAccessorImpl.newInstance(DelegatingConstructorAccessorImpl.java:45)
at java.lang.reflect.Constructor.newInstance(Constructor.java:423)
at org.openqa.selenium.remote.W3CHandshakeResponse.lambda$errorHandler$0(W3CHandshakeResponse.java:62)
at org.openqa.selenium.remote.HandshakeResponse.lambda$getResponseFunction$0(HandshakeResponse.java:30)
at org.openqa.selenium.remote.ProtocolHandshake.lambda$createSession$0(ProtocolHandshake.java:126)
at java.util.stream.ReferencePipeline$3$1.accept(ReferencePipeline.java:193)
at java.util.Spliterators$ArraySpliterator.tryAdvance(Spliterators.java:958)
at java.util.stream.ReferencePipeline.forEachWithCancel(ReferencePipeline.java:126)
at java.util.stream.AbstractPipeline.copyIntoWithCancel(AbstractPipeline.java:499)
at java.util.stream.AbstractPipeline.copyInto(AbstractPipeline.java:486)
at java.util.stream.AbstractPipeline.wrapAndCopyInto(AbstractPipeline.java:472)
at java.util.stream.FindOps$FindOp.evaluateSequential(FindOps.java:152)
at java.util.stream.AbstractPipeline.evaluate(AbstractPipeline.java:234)
at java.util.stream.ReferencePipeline.findFirst(ReferencePipeline.java:464)
at org.openqa.selenium.remote.ProtocolHandshake.createSession(ProtocolHandshake.java:128)
at org.openqa.selenium.remote.ProtocolHandshake.createSession(ProtocolHandshake.java:74)
at org.openqa.selenium.remote.HttpCommandExecutor.execute(HttpCommandExecutor.java:136)
at org.openqa.selenium.remote.service.DriverCommandExecutor.execute(DriverCommandExecutor.java:83)
at org.openqa.selenium.remote.RemoteWebDriver.execute(RemoteWebDriver.java:552)
at org.openqa.selenium.remote.RemoteWebDriver.startSession(RemoteWebDriver.java:213)
at org.openqa.selenium.remote.RemoteWebDriver.<init>(RemoteWebDriver.java:131)
at org.openqa.selenium.chrome.ChromeDriver.<init>(ChromeDriver.java:181)
at org.openqa.selenium.chrome.ChromeDriver.<init>(ChromeDriver.java:168)
at org.openqa.selenium.chrome.ChromeDriver.<init>(ChromeDriver.java:157)
at resources.Base.intializeDriver(Base.java:48)
at Academy.E2EProject.HomePageTest.initializeBrowser(HomePageTest.java:55)
at sun.reflect.NativeMethodAccessorImpl.invoke0(Native Method)
at sun.reflect.NativeMethodAccessorImpl.invoke(NativeMethodAccessorImpl.java:62)
at sun.reflect.DelegatingMethodAccessorImpl.invoke(DelegatingMethodAccessorImpl.java:43)
at java.lang.reflect.Method.invoke(Method.java:498)
at org.testng.internal.MethodInvocationHelper.invokeMethod(MethodInvocationHelper.java:134)
at org.testng.internal.MethodInvocationHelper.invokeMethodConsideringTimeout(MethodInvocationHelper.java:63)
at org.testng.internal.ConfigInvoker.invokeConfigurationMethod(ConfigInvoker.java:348)
at org.testng.internal.ConfigInvoker.invokeConfigurations(ConfigInvoker.java:302)
at org.testng.TestRunner.invokeTestConfigurations(TestRunner.java:619)
at org.testng.TestRunner.beforeRun(TestRunner.java:609)
at org.testng.TestRunner.run(TestRunner.java:580)
at org.testng.SuiteRunner.runTest(SuiteRunner.java:384)
at org.testng.SuiteRunner.runSequentially(SuiteRunner.java:378)
at org.testng.SuiteRunner.privateRun(SuiteRunner.java:337)
at org.testng.SuiteRunner.run(SuiteRunner.java:286)
at org.testng.SuiteRunnerWorker.runSuite(SuiteRunnerWorker.java:53)
at org.testng.SuiteRunnerWorker.run(SuiteRunnerWorker.java:96)
at org.testng.TestNG.runSuitesSequentially(TestNG.java:1187)
at org.testng.TestNG.runSuitesLocally(TestNG.java:1109)
at org.testng.TestNG.runSuites(TestNG.java:1039)
at org.testng.TestNG.run(TestNG.java:1007)
at org.apache.maven.surefire.testng.TestNGExecutor.run(TestNGExecutor.java:135)
at org.apache.maven.surefire.testng.TestNGDirectoryTestSuite.executeSingleClass(TestNGDirectoryTestSuite.java:112)
at org.apache.maven.surefire.testng.TestNGDirectoryTestSuite.execute(TestNGDirectoryTestSuite.java:99)
at org.apache.maven.surefire.testng.TestNGProvider.invoke(TestNGProvider.java:146)
at org.apache.maven.surefire.booter.ForkedBooter.invokeProviderInSameClassLoader(ForkedBooter.java:384)
at org.apache.maven.surefire.booter.ForkedBooter.runSuitesInProcess(ForkedBooter.java:345)
at org.apache.maven.surefire.booter.ForkedBooter.execute(ForkedBooter.java:126)
at org.apache.maven.surefire.booter.ForkedBooter.main(ForkedBooter.java:418)
]]>
            </full-stacktrace>
          </exception> <!-- org.openqa.selenium.SessionNotCreatedException -->
          <reporter-output>
          </reporter-output>
        </test-method> <!-- initializeBrowser -->
        <test-method status="SKIP" signature="loginOnWebsite(java.lang.String, java.lang.String)[pri:0, instance:Academy.E2EProject.HomePageTest@59fd97a8]" name="loginOnWebsite" duration-ms="0" started-at="2020-05-18T15:41:35 IST" data-provider="getData" finished-at="2020-05-18T15:41:35 IST">
          <exception class="org.openqa.selenium.SessionNotCreatedException">
            <message>
              <![CDATA[session not created: This version of ChromeDriver only supports Chrome version 79
Build info: version: '3.141.59', revision: 'e82be7d358', time: '2018-11-14T08:17:03'
System info: host: 'MINGLE-T460', ip: '10.98.50.17', os.name: 'Windows 10', os.arch: 'amd64', os.version: '10.0', java.version: '1.8.0_231'
Driver info: driver.version: ChromeDriver
remote stacktrace: Backtrace:
Ordinal0 [0x006CA113+1548563]
Ordinal0 [0x0064DDA1+1039777]
Ordinal0 [0x005CE485+517253]
Ordinal0 [0x0055FD34+64820]
Ordinal0 [0x0055C61E+50718]
Ordinal0 [0x0057B797+178071]
Ordinal0 [0x0057B59D+177565]
Ordinal0 [0x005795FB+169467]
Ordinal0 [0x0056160A+71178]
Ordinal0 [0x00562690+75408]
Ordinal0 [0x00562629+75305]
Ordinal0 [0x006671B7+1143223]
GetHandleVerifier [0x00762B46+507814]
GetHandleVerifier [0x00762864+507076]
GetHandleVerifier [0x00769F47+537511]
GetHandleVerifier [0x00763402+510050]
Ordinal0 [0x0065F29C+1110684]
Ordinal0 [0x0066938B+1151883]
Ordinal0 [0x006694F3+1152243]
Ordinal0 [0x006683F5+1147893]
BaseThreadInitThunk [0x75366359+25]
RtlGetAppContainerNamedObjectPath [0x77397B74+228]
RtlGetAppContainerNamedObjectPath [0x77397B44+180]
]]>
            </message>
            <full-stacktrace>
              <![CDATA[org.openqa.selenium.SessionNotCreatedException: session not created: This version of ChromeDriver only supports Chrome version 79
Build info: version: '3.141.59', revision: 'e82be7d358', time: '2018-11-14T08:17:03'
System info: host: 'MINGLE-T460', ip: '10.98.50.17', os.name: 'Windows 10', os.arch: 'amd64', os.version: '10.0', java.version: '1.8.0_231'
Driver info: driver.version: ChromeDriver
remote stacktrace: Backtrace:
Ordinal0 [0x006CA113+1548563]
Ordinal0 [0x0064DDA1+1039777]
Ordinal0 [0x005CE485+517253]
Ordinal0 [0x0055FD34+64820]
Ordinal0 [0x0055C61E+50718]
Ordinal0 [0x0057B797+178071]
Ordinal0 [0x0057B59D+177565]
Ordinal0 [0x005795FB+169467]
Ordinal0 [0x0056160A+71178]
Ordinal0 [0x00562690+75408]
Ordinal0 [0x00562629+75305]
Ordinal0 [0x006671B7+1143223]
GetHandleVerifier [0x00762B46+507814]
GetHandleVerifier [0x00762864+507076]
GetHandleVerifier [0x00769F47+537511]
GetHandleVerifier [0x00763402+510050]
Ordinal0 [0x0065F29C+1110684]
Ordinal0 [0x0066938B+1151883]
Ordinal0 [0x006694F3+1152243]
Ordinal0 [0x006683F5+1147893]
BaseThreadInitThunk [0x75366359+25]
RtlGetAppContainerNamedObjectPath [0x77397B74+228]
RtlGetAppContainerNamedObjectPath [0x77397B44+180]

at sun.reflect.NativeConstructorAccessorImpl.newInstance0(Native Method)
at sun.reflect.NativeConstructorAccessorImpl.newInstance(NativeConstructorAccessorImpl.java:62)
at sun.reflect.DelegatingConstructorAccessorImpl.newInstance(DelegatingConstructorAccessorImpl.java:45)
at java.lang.reflect.Constructor.newInstance(Constructor.java:423)
at org.openqa.selenium.remote.W3CHandshakeResponse.lambda$errorHandler$0(W3CHandshakeResponse.java:62)
at org.openqa.selenium.remote.HandshakeResponse.lambda$getResponseFunction$0(HandshakeResponse.java:30)
at org.openqa.selenium.remote.ProtocolHandshake.lambda$createSession$0(ProtocolHandshake.java:126)
at java.util.stream.ReferencePipeline$3$1.accept(ReferencePipeline.java:193)
at java.util.Spliterators$ArraySpliterator.tryAdvance(Spliterators.java:958)
at java.util.stream.ReferencePipeline.forEachWithCancel(ReferencePipeline.java:126)
at java.util.stream.AbstractPipeline.copyIntoWithCancel(AbstractPipeline.java:499)
at java.util.stream.AbstractPipeline.copyInto(AbstractPipeline.java:486)
at java.util.stream.AbstractPipeline.wrapAndCopyInto(AbstractPipeline.java:472)
at java.util.stream.FindOps$FindOp.evaluateSequential(FindOps.java:152)
at java.util.stream.AbstractPipeline.evaluate(AbstractPipeline.java:234)
at java.util.stream.ReferencePipeline.findFirst(ReferencePipeline.java:464)
at org.openqa.selenium.remote.ProtocolHandshake.createSession(ProtocolHandshake.java:128)
at org.openqa.selenium.remote.ProtocolHandshake.createSession(ProtocolHandshake.java:74)
at org.openqa.selenium.remote.HttpCommandExecutor.execute(HttpCommandExecutor.java:136)
at org.openqa.selenium.remote.service.DriverCommandExecutor.execute(DriverCommandExecutor.java:83)
at org.openqa.selenium.remote.RemoteWebDriver.execute(RemoteWebDriver.java:552)
at org.openqa.selenium.remote.RemoteWebDriver.startSession(RemoteWebDriver.java:213)
at org.openqa.selenium.remote.RemoteWebDriver.<init>(RemoteWebDriver.java:131)
at org.openqa.selenium.chrome.ChromeDriver.<init>(ChromeDriver.java:181)
at org.openqa.selenium.chrome.ChromeDriver.<init>(ChromeDriver.java:168)
at org.openqa.selenium.chrome.ChromeDriver.<init>(ChromeDriver.java:157)
at resources.Base.intializeDriver(Base.java:48)
at Academy.E2EProject.HomePageTest.initializeBrowser(HomePageTest.java:55)
at sun.reflect.NativeMethodAccessorImpl.invoke0(Native Method)
at sun.reflect.NativeMethodAccessorImpl.invoke(NativeMethodAccessorImpl.java:62)
at sun.reflect.DelegatingMethodAccessorImpl.invoke(DelegatingMethodAccessorImpl.java:43)
at java.lang.reflect.Method.invoke(Method.java:498)
at org.testng.internal.MethodInvocationHelper.invokeMethod(MethodInvocationHelper.java:134)
at org.testng.internal.MethodInvocationHelper.invokeMethodConsideringTimeout(MethodInvocationHelper.java:63)
at org.testng.internal.ConfigInvoker.invokeConfigurationMethod(ConfigInvoker.java:348)
at org.testng.internal.ConfigInvoker.invokeConfigurations(ConfigInvoker.java:302)
at org.testng.TestRunner.invokeTestConfigurations(TestRunner.java:619)
at org.testng.TestRunner.beforeRun(TestRunner.java:609)
at org.testng.TestRunner.run(TestRunner.java:580)
at org.testng.SuiteRunner.runTest(SuiteRunner.java:384)
at org.testng.SuiteRunner.runSequentially(SuiteRunner.java:378)
at org.testng.SuiteRunner.privateRun(SuiteRunner.java:337)
at org.testng.SuiteRunner.run(SuiteRunner.java:286)
at org.testng.SuiteRunnerWorker.runSuite(SuiteRunnerWorker.java:53)
at org.testng.SuiteRunnerWorker.run(SuiteRunnerWorker.java:96)
at org.testng.TestNG.runSuitesSequentially(TestNG.java:1187)
at org.testng.TestNG.runSuitesLocally(TestNG.java:1109)
at org.testng.TestNG.runSuites(TestNG.java:1039)
at org.testng.TestNG.run(TestNG.java:1007)
at org.apache.maven.surefire.testng.TestNGExecutor.run(TestNGExecutor.java:135)
at org.apache.maven.surefire.testng.TestNGDirectoryTestSuite.executeSingleClass(TestNGDirectoryTestSuite.java:112)
at org.apache.maven.surefire.testng.TestNGDirectoryTestSuite.execute(TestNGDirectoryTestSuite.java:99)
at org.apache.maven.surefire.testng.TestNGProvider.invoke(TestNGProvider.java:146)
at org.apache.maven.surefire.booter.ForkedBooter.invokeProviderInSameClassLoader(ForkedBooter.java:384)
at org.apache.maven.surefire.booter.ForkedBooter.runSuitesInProcess(ForkedBooter.java:345)
at org.apache.maven.surefire.booter.ForkedBooter.execute(ForkedBooter.java:126)
at org.apache.maven.surefire.booter.ForkedBooter.main(ForkedBooter.java:418)
]]>
            </full-stacktrace>
          </exception> <!-- org.openqa.selenium.SessionNotCreatedException -->
          <reporter-output>
          </reporter-output>
        </test-method> <!-- loginOnWebsite -->
        <test-method status="SKIP" signature="loginOnWebsite(java.lang.String, java.lang.String)[pri:0, instance:Academy.E2EProject.HomePageTest@59fd97a8]" name="loginOnWebsite" duration-ms="0" started-at="2020-05-18T15:41:35 IST" data-provider="getData" finished-at="2020-05-18T15:41:35 IST">
          <exception class="org.openqa.selenium.SessionNotCreatedException">
            <message>
              <![CDATA[session not created: This version of ChromeDriver only supports Chrome version 79
Build info: version: '3.141.59', revision: 'e82be7d358', time: '2018-11-14T08:17:03'
System info: host: 'MINGLE-T460', ip: '10.98.50.17', os.name: 'Windows 10', os.arch: 'amd64', os.version: '10.0', java.version: '1.8.0_231'
Driver info: driver.version: ChromeDriver
remote stacktrace: Backtrace:
Ordinal0 [0x006CA113+1548563]
Ordinal0 [0x0064DDA1+1039777]
Ordinal0 [0x005CE485+517253]
Ordinal0 [0x0055FD34+64820]
Ordinal0 [0x0055C61E+50718]
Ordinal0 [0x0057B797+178071]
Ordinal0 [0x0057B59D+177565]
Ordinal0 [0x005795FB+169467]
Ordinal0 [0x0056160A+71178]
Ordinal0 [0x00562690+75408]
Ordinal0 [0x00562629+75305]
Ordinal0 [0x006671B7+1143223]
GetHandleVerifier [0x00762B46+507814]
GetHandleVerifier [0x00762864+507076]
GetHandleVerifier [0x00769F47+537511]
GetHandleVerifier [0x00763402+510050]
Ordinal0 [0x0065F29C+1110684]
Ordinal0 [0x0066938B+1151883]
Ordinal0 [0x006694F3+1152243]
Ordinal0 [0x006683F5+1147893]
BaseThreadInitThunk [0x75366359+25]
RtlGetAppContainerNamedObjectPath [0x77397B74+228]
RtlGetAppContainerNamedObjectPath [0x77397B44+180]
]]>
            </message>
            <full-stacktrace>
              <![CDATA[org.openqa.selenium.SessionNotCreatedException: session not created: This version of ChromeDriver only supports Chrome version 79
Build info: version: '3.141.59', revision: 'e82be7d358', time: '2018-11-14T08:17:03'
System info: host: 'MINGLE-T460', ip: '10.98.50.17', os.name: 'Windows 10', os.arch: 'amd64', os.version: '10.0', java.version: '1.8.0_231'
Driver info: driver.version: ChromeDriver
remote stacktrace: Backtrace:
Ordinal0 [0x006CA113+1548563]
Ordinal0 [0x0064DDA1+1039777]
Ordinal0 [0x005CE485+517253]
Ordinal0 [0x0055FD34+64820]
Ordinal0 [0x0055C61E+50718]
Ordinal0 [0x0057B797+178071]
Ordinal0 [0x0057B59D+177565]
Ordinal0 [0x005795FB+169467]
Ordinal0 [0x0056160A+71178]
Ordinal0 [0x00562690+75408]
Ordinal0 [0x00562629+75305]
Ordinal0 [0x006671B7+1143223]
GetHandleVerifier [0x00762B46+507814]
GetHandleVerifier [0x00762864+507076]
GetHandleVerifier [0x00769F47+537511]
GetHandleVerifier [0x00763402+510050]
Ordinal0 [0x0065F29C+1110684]
Ordinal0 [0x0066938B+1151883]
Ordinal0 [0x006694F3+1152243]
Ordinal0 [0x006683F5+1147893]
BaseThreadInitThunk [0x75366359+25]
RtlGetAppContainerNamedObjectPath [0x77397B74+228]
RtlGetAppContainerNamedObjectPath [0x77397B44+180]

at sun.reflect.NativeConstructorAccessorImpl.newInstance0(Native Method)
at sun.reflect.NativeConstructorAccessorImpl.newInstance(NativeConstructorAccessorImpl.java:62)
at sun.reflect.DelegatingConstructorAccessorImpl.newInstance(DelegatingConstructorAccessorImpl.java:45)
at java.lang.reflect.Constructor.newInstance(Constructor.java:423)
at org.openqa.selenium.remote.W3CHandshakeResponse.lambda$errorHandler$0(W3CHandshakeResponse.java:62)
at org.openqa.selenium.remote.HandshakeResponse.lambda$getResponseFunction$0(HandshakeResponse.java:30)
at org.openqa.selenium.remote.ProtocolHandshake.lambda$createSession$0(ProtocolHandshake.java:126)
at java.util.stream.ReferencePipeline$3$1.accept(ReferencePipeline.java:193)
at java.util.Spliterators$ArraySpliterator.tryAdvance(Spliterators.java:958)
at java.util.stream.ReferencePipeline.forEachWithCancel(ReferencePipeline.java:126)
at java.util.stream.AbstractPipeline.copyIntoWithCancel(AbstractPipeline.java:499)
at java.util.stream.AbstractPipeline.copyInto(AbstractPipeline.java:486)
at java.util.stream.AbstractPipeline.wrapAndCopyInto(AbstractPipeline.java:472)
at java.util.stream.FindOps$FindOp.evaluateSequential(FindOps.java:152)
at java.util.stream.AbstractPipeline.evaluate(AbstractPipeline.java:234)
at java.util.stream.ReferencePipeline.findFirst(ReferencePipeline.java:464)
at org.openqa.selenium.remote.ProtocolHandshake.createSession(ProtocolHandshake.java:128)
at org.openqa.selenium.remote.ProtocolHandshake.createSession(ProtocolHandshake.java:74)
at org.openqa.selenium.remote.HttpCommandExecutor.execute(HttpCommandExecutor.java:136)
at org.openqa.selenium.remote.service.DriverCommandExecutor.execute(DriverCommandExecutor.java:83)
at org.openqa.selenium.remote.RemoteWebDriver.execute(RemoteWebDriver.java:552)
at org.openqa.selenium.remote.RemoteWebDriver.startSession(RemoteWebDriver.java:213)
at org.openqa.selenium.remote.RemoteWebDriver.<init>(RemoteWebDriver.java:131)
at org.openqa.selenium.chrome.ChromeDriver.<init>(ChromeDriver.java:181)
at org.openqa.selenium.chrome.ChromeDriver.<init>(ChromeDriver.java:168)
at org.openqa.selenium.chrome.ChromeDriver.<init>(ChromeDriver.java:157)
at resources.Base.intializeDriver(Base.java:48)
at Academy.E2EProject.HomePageTest.initializeBrowser(HomePageTest.java:55)
at sun.reflect.NativeMethodAccessorImpl.invoke0(Native Method)
at sun.reflect.NativeMethodAccessorImpl.invoke(NativeMethodAccessorImpl.java:62)
at sun.reflect.DelegatingMethodAccessorImpl.invoke(DelegatingMethodAccessorImpl.java:43)
at java.lang.reflect.Method.invoke(Method.java:498)
at org.testng.internal.MethodInvocationHelper.invokeMethod(MethodInvocationHelper.java:134)
at org.testng.internal.MethodInvocationHelper.invokeMethodConsideringTimeout(MethodInvocationHelper.java:63)
at org.testng.internal.ConfigInvoker.invokeConfigurationMethod(ConfigInvoker.java:348)
at org.testng.internal.ConfigInvoker.invokeConfigurations(ConfigInvoker.java:302)
at org.testng.TestRunner.invokeTestConfigurations(TestRunner.java:619)
at org.testng.TestRunner.beforeRun(TestRunner.java:609)
at org.testng.TestRunner.run(TestRunner.java:580)
at org.testng.SuiteRunner.runTest(SuiteRunner.java:384)
at org.testng.SuiteRunner.runSequentially(SuiteRunner.java:378)
at org.testng.SuiteRunner.privateRun(SuiteRunner.java:337)
at org.testng.SuiteRunner.run(SuiteRunner.java:286)
at org.testng.SuiteRunnerWorker.runSuite(SuiteRunnerWorker.java:53)
at org.testng.SuiteRunnerWorker.run(SuiteRunnerWorker.java:96)
at org.testng.TestNG.runSuitesSequentially(TestNG.java:1187)
at org.testng.TestNG.runSuitesLocally(TestNG.java:1109)
at org.testng.TestNG.runSuites(TestNG.java:1039)
at org.testng.TestNG.run(TestNG.java:1007)
at org.apache.maven.surefire.testng.TestNGExecutor.run(TestNGExecutor.java:135)
at org.apache.maven.surefire.testng.TestNGDirectoryTestSuite.executeSingleClass(TestNGDirectoryTestSuite.java:112)
at org.apache.maven.surefire.testng.TestNGDirectoryTestSuite.execute(TestNGDirectoryTestSuite.java:99)
at org.apache.maven.surefire.testng.TestNGProvider.invoke(TestNGProvider.java:146)
at org.apache.maven.surefire.booter.ForkedBooter.invokeProviderInSameClassLoader(ForkedBooter.java:384)
at org.apache.maven.surefire.booter.ForkedBooter.runSuitesInProcess(ForkedBooter.java:345)
at org.apache.maven.surefire.booter.ForkedBooter.execute(ForkedBooter.java:126)
at org.apache.maven.surefire.booter.ForkedBooter.main(ForkedBooter.java:418)
]]>
            </full-stacktrace>
          </exception> <!-- org.openqa.selenium.SessionNotCreatedException -->
          <reporter-output>
          </reporter-output>
        </test-method> <!-- loginOnWebsite -->
        <test-method status="SKIP" signature="teardown()[pri:0, instance:Academy.E2EProject.HomePageTest@59fd97a8]" name="teardown" is-config="true" duration-ms="-1589796695193" started-at="2020-05-18T15:41:35 IST" finished-at="1970-01-01T05:30:00 IST">
          <reporter-output>
          </reporter-output>
        </test-method> <!-- teardown -->
      </class> <!-- Academy.E2EProject.HomePageTest -->
    </test> <!-- Surefire test -->
  </suite> <!-- Surefire suite -->
</testng-results>
