<?xml version="1.0" encoding="UTF-8"?>
<testsuite xmlns:xsi="http://www.w3.org/2001/XMLSchema-instance" xsi:noNamespaceSchemaLocation="https://maven.apache.org/surefire/maven-surefire-plugin/xsd/surefire-test-report.xsd" name="Academy.E2EProject.HomePageTest" time="5.92" tests="4" errors="0" skipped="3" failures="1">
  <properties>
    <property name="sun.desktop" value="windows"/>
    <property name="awt.toolkit" value="sun.awt.windows.WToolkit"/>
    <property name="file.encoding.pkg" value="sun.io"/>
    <property name="java.specification.version" value="1.8"/>
    <property name="sun.cpu.isalist" value="amd64"/>
    <property name="sun.jnu.encoding" value="Cp1252"/>
    <property name="java.class.path" value="C:\mrunali\mrunali\study\DEMO_SELENIUM_PROJECT\E2EProject\target\test-classes;C:\mrunali\mrunali\study\DEMO_SELENIUM_PROJECT\E2EProject\target\classes;C:\Users\mingle\.m2\repository\org\seleniumhq\selenium\selenium-java\3.141.59\selenium-java-3.141.59.jar;C:\Users\mingle\.m2\repository\org\seleniumhq\selenium\selenium-api\3.141.59\selenium-api-3.141.59.jar;C:\Users\mingle\.m2\repository\org\seleniumhq\selenium\selenium-chrome-driver\3.141.59\selenium-chrome-driver-3.141.59.jar;C:\Users\mingle\.m2\repository\org\seleniumhq\selenium\selenium-edge-driver\3.141.59\selenium-edge-driver-3.141.59.jar;C:\Users\mingle\.m2\repository\org\seleniumhq\selenium\selenium-firefox-driver\3.141.59\selenium-firefox-driver-3.141.59.jar;C:\Users\mingle\.m2\repository\org\seleniumhq\selenium\selenium-ie-driver\3.141.59\selenium-ie-driver-3.141.59.jar;C:\Users\mingle\.m2\repository\org\seleniumhq\selenium\selenium-opera-driver\3.141.59\selenium-opera-driver-3.141.59.jar;C:\Users\mingle\.m2\repository\org\seleniumhq\selenium\selenium-remote-driver\3.141.59\selenium-remote-driver-3.141.59.jar;C:\Users\mingle\.m2\repository\org\seleniumhq\selenium\selenium-safari-driver\3.141.59\selenium-safari-driver-3.141.59.jar;C:\Users\mingle\.m2\repository\org\seleniumhq\selenium\selenium-support\3.141.59\selenium-support-3.141.59.jar;C:\Users\mingle\.m2\repository\net\bytebuddy\byte-buddy\1.8.15\byte-buddy-1.8.15.jar;C:\Users\mingle\.m2\repository\org\apache\commons\commons-exec\1.3\commons-exec-1.3.jar;C:\Users\mingle\.m2\repository\com\google\guava\guava\25.0-jre\guava-25.0-jre.jar;C:\Users\mingle\.m2\repository\com\google\code\findbugs\jsr305\1.3.9\jsr305-1.3.9.jar;C:\Users\mingle\.m2\repository\org\checkerframework\checker-compat-qual\2.0.0\checker-compat-qual-2.0.0.jar;C:\Users\mingle\.m2\repository\com\google\errorprone\error_prone_annotations\2.1.3\error_prone_annotations-2.1.3.jar;C:\Users\mingle\.m2\repository\com\google\j2objc\j2objc-annotations\1.1\j2objc-annotations-1.1.jar;C:\Users\mingle\.m2\repository\org\codehaus\mojo\animal-sniffer-annotations\1.14\animal-sniffer-annotations-1.14.jar;C:\Users\mingle\.m2\repository\com\squareup\okhttp3\okhttp\3.11.0\okhttp-3.11.0.jar;C:\Users\mingle\.m2\repository\com\squareup\okio\okio\1.14.0\okio-1.14.0.jar;C:\Users\mingle\.m2\repository\org\testng\testng\7.1.0\testng-7.1.0.jar;C:\Users\mingle\.m2\repository\com\beust\jcommander\1.72\jcommander-1.72.jar;C:\Users\mingle\.m2\repository\com\google\inject\guice\4.1.0\guice-4.1.0-no_aop.jar;C:\Users\mingle\.m2\repository\javax\inject\javax.inject\1\javax.inject-1.jar;C:\Users\mingle\.m2\repository\aopalliance\aopalliance\1.0\aopalliance-1.0.jar;C:\Users\mingle\.m2\repository\org\yaml\snakeyaml\1.21\snakeyaml-1.21.jar;C:\Users\mingle\.m2\repository\org\apache\logging\log4j\log4j-api\2.13.3\log4j-api-2.13.3.jar;C:\Users\mingle\.m2\repository\org\apache\logging\log4j\log4j-core\2.13.3\log4j-core-2.13.3.jar;"/>
    <property name="java.vm.vendor" value="Oracle Corporation"/>
    <property name="sun.arch.data.model" value="64"/>
    <property name="user.variant" value=""/>
    <property name="java.vendor.url" value="http://java.oracle.com/"/>
    <property name="user.timezone" value="Asia/Calcutta"/>
    <property name="java.vm.specification.version" value="1.8"/>
    <property name="os.name" value="Windows 10"/>
    <property name="user.country" value="IN"/>
    <property name="sun.java.launcher" value="SUN_STANDARD"/>
    <property name="sun.boot.library.path" value="C:\Program Files\Java\jdk1.8.0_231\jre\bin"/>
    <property name="sun.java.command" value="C:\Users\mingle\AppData\Local\Temp\surefire1497998971425626111\surefirebooter6311778389660736695.jar C:\Users\mingle\AppData\Local\Temp\surefire1497998971425626111 2020-05-18T15-41-27_823-jvmRun1 surefire5205996231135550695tmp surefire_01051339875936149680tmp"/>
    <property name="surefire.test.class.path" value="C:\mrunali\mrunali\study\DEMO_SELENIUM_PROJECT\E2EProject\target\test-classes;C:\mrunali\mrunali\study\DEMO_SELENIUM_PROJECT\E2EProject\target\classes;C:\Users\mingle\.m2\repository\org\seleniumhq\selenium\selenium-java\3.141.59\selenium-java-3.141.59.jar;C:\Users\mingle\.m2\repository\org\seleniumhq\selenium\selenium-api\3.141.59\selenium-api-3.141.59.jar;C:\Users\mingle\.m2\repository\org\seleniumhq\selenium\selenium-chrome-driver\3.141.59\selenium-chrome-driver-3.141.59.jar;C:\Users\mingle\.m2\repository\org\seleniumhq\selenium\selenium-edge-driver\3.141.59\selenium-edge-driver-3.141.59.jar;C:\Users\mingle\.m2\repository\org\seleniumhq\selenium\selenium-firefox-driver\3.141.59\selenium-firefox-driver-3.141.59.jar;C:\Users\mingle\.m2\repository\org\seleniumhq\selenium\selenium-ie-driver\3.141.59\selenium-ie-driver-3.141.59.jar;C:\Users\mingle\.m2\repository\org\seleniumhq\selenium\selenium-opera-driver\3.141.59\selenium-opera-driver-3.141.59.jar;C:\Users\mingle\.m2\repository\org\seleniumhq\selenium\selenium-remote-driver\3.141.59\selenium-remote-driver-3.141.59.jar;C:\Users\mingle\.m2\repository\org\seleniumhq\selenium\selenium-safari-driver\3.141.59\selenium-safari-driver-3.141.59.jar;C:\Users\mingle\.m2\repository\org\seleniumhq\selenium\selenium-support\3.141.59\selenium-support-3.141.59.jar;C:\Users\mingle\.m2\repository\net\bytebuddy\byte-buddy\1.8.15\byte-buddy-1.8.15.jar;C:\Users\mingle\.m2\repository\org\apache\commons\commons-exec\1.3\commons-exec-1.3.jar;C:\Users\mingle\.m2\repository\com\google\guava\guava\25.0-jre\guava-25.0-jre.jar;C:\Users\mingle\.m2\repository\com\google\code\findbugs\jsr305\1.3.9\jsr305-1.3.9.jar;C:\Users\mingle\.m2\repository\org\checkerframework\checker-compat-qual\2.0.0\checker-compat-qual-2.0.0.jar;C:\Users\mingle\.m2\repository\com\google\errorprone\error_prone_annotations\2.1.3\error_prone_annotations-2.1.3.jar;C:\Users\mingle\.m2\repository\com\google\j2objc\j2objc-annotations\1.1\j2objc-annotations-1.1.jar;C:\Users\mingle\.m2\repository\org\codehaus\mojo\animal-sniffer-annotations\1.14\animal-sniffer-annotations-1.14.jar;C:\Users\mingle\.m2\repository\com\squareup\okhttp3\okhttp\3.11.0\okhttp-3.11.0.jar;C:\Users\mingle\.m2\repository\com\squareup\okio\okio\1.14.0\okio-1.14.0.jar;C:\Users\mingle\.m2\repository\org\testng\testng\7.1.0\testng-7.1.0.jar;C:\Users\mingle\.m2\repository\com\beust\jcommander\1.72\jcommander-1.72.jar;C:\Users\mingle\.m2\repository\com\google\inject\guice\4.1.0\guice-4.1.0-no_aop.jar;C:\Users\mingle\.m2\repository\javax\inject\javax.inject\1\javax.inject-1.jar;C:\Users\mingle\.m2\repository\aopalliance\aopalliance\1.0\aopalliance-1.0.jar;C:\Users\mingle\.m2\repository\org\yaml\snakeyaml\1.21\snakeyaml-1.21.jar;C:\Users\mingle\.m2\repository\org\apache\logging\log4j\log4j-api\2.13.3\log4j-api-2.13.3.jar;C:\Users\mingle\.m2\repository\org\apache\logging\log4j\log4j-core\2.13.3\log4j-core-2.13.3.jar;"/>
    <property name="sun.cpu.endian" value="little"/>
    <property name="user.home" value="C:\Users\mingle"/>
    <property name="user.language" value="en"/>
    <property name="java.specification.vendor" value="Oracle Corporation"/>
    <property name="java.home" value="C:\Program Files\Java\jdk1.8.0_231\jre"/>
    <property name="basedir" value="C:\mrunali\mrunali\study\DEMO_SELENIUM_PROJECT\E2EProject"/>
    <property name="file.separator" value="\"/>
    <property name="line.separator" value="&#10;"/>
    <property name="java.vm.specification.vendor" value="Oracle Corporation"/>
    <property name="java.specification.name" value="Java Platform API Specification"/>
    <property name="java.awt.graphicsenv" value="sun.awt.Win32GraphicsEnvironment"/>
    <property name="surefire.real.class.path" value="C:\Users\mingle\AppData\Local\Temp\surefire1497998971425626111\surefirebooter6311778389660736695.jar"/>
    <property name="sun.boot.class.path" value="C:\Program Files\Java\jdk1.8.0_231\jre\lib\resources.jar;C:\Program Files\Java\jdk1.8.0_231\jre\lib\rt.jar;C:\Program Files\Java\jdk1.8.0_231\jre\lib\sunrsasign.jar;C:\Program Files\Java\jdk1.8.0_231\jre\lib\jsse.jar;C:\Program Files\Java\jdk1.8.0_231\jre\lib\jce.jar;C:\Program Files\Java\jdk1.8.0_231\jre\lib\charsets.jar;C:\Program Files\Java\jdk1.8.0_231\jre\lib\jfr.jar;C:\Program Files\Java\jdk1.8.0_231\jre\classes"/>
    <property name="user.script" value=""/>
    <property name="sun.management.compiler" value="HotSpot 64-Bit Tiered Compilers"/>
    <property name="java.runtime.version" value="1.8.0_231-b11"/>
    <property name="user.name" value="mingle"/>
    <property name="path.separator" value=";"/>
    <property name="os.version" value="10.0"/>
    <property name="java.endorsed.dirs" value="C:\Program Files\Java\jdk1.8.0_231\jre\lib\endorsed"/>
    <property name="java.runtime.name" value="Java(TM) SE Runtime Environment"/>
    <property name="file.encoding" value="Cp1252"/>
    <property name="browser" value="chromeheadless"/>
    <property name="java.vm.name" value="Java HotSpot(TM) 64-Bit Server VM"/>
    <property name="localRepository" value="C:\Users\mingle\.m2\repository"/>
    <property name="java.vendor.url.bug" value="http://bugreport.sun.com/bugreport/"/>
    <property name="java.io.tmpdir" value="C:\Users\mingle\AppData\Local\Temp\"/>
    <property name="java.version" value="1.8.0_231"/>
    <property name="user.dir" value="C:\mrunali\mrunali\study\DEMO_SELENIUM_PROJECT\E2EProject"/>
    <property name="os.arch" value="amd64"/>
    <property name="java.vm.specification.name" value="Java Virtual Machine Specification"/>
    <property name="java.awt.printerjob" value="sun.awt.windows.WPrinterJob"/>
    <property name="sun.os.patch.level" value=""/>
    <property name="java.library.path" value="C:\Program Files\Java\jdk1.8.0_231\jre\bin;C:\WINDOWS\Sun\Java\bin;C:\WINDOWS\system32;C:\WINDOWS;C:\Python3732\Scripts\;C:\Python3732\;C:\Program Files (x86)\TRICENTIS\Tosca Testsuite\Classic;C:\Program Files (x86)\TRICENTIS\Tosca Testsuite\ToscaCommander;;C:\Program Files (x86)\TRICENTIS\Tosca Testsuite\Classic;C:\Program Files (x86)\TRICENTIS\Tosca Testsuite\Classic\dll;C:\Program Files (x86)\TRICENTIS\Tosca Testsuite\Classic\dll\GuptaEngine;C:\Program Files (x86)\TRICENTIS\Tosca Testsuite\ToscaCommander;C:\Program Files (x86)\TRICENTIS\Tosca Testsuite\Classic\dll\DelphiEngine;C:\Program Files (x86)\TRICENTIS\Tosca Testsuite\Classic\dll\PBEngine;C:\Program Files (x86)\TRICENTIS\Tosca Testsuite\Classic\dll\VBEngine;C:\Program Files (x86)\TRICENTIS\Tosca Testsuite\Classic\dll\DotNetHooking;;C:\Program Files (x86)\TRICENTIS\Tosca Testsuite\TBox\\Resources\Mobile\Tools;C:\Program Files (x86)\TRICENTIS\Tosca Testsuite\Classic;C:\Program Files (x86)\TRICENTIS\Tosca Testsuite\TBox\\Resources\Mobile\Tools;C:\Program Files (x86)\Common Files\Oracle\Java\javapath;C:\Program Files (x86)\Microsoft SDKs\Azure\CLI2\wbin;C:\WINDOWS\system32;C:\WINDOWS;C:\WINDOWS\System32\Wbem;C:\WINDOWS\System32\WindowsPowerShell\v1.0\;C:\Program Files\PuTTY\;C:\Program Files (x86)\Intel\Intel(R) Management Engine Components\DAL;C:\Program Files\Intel\Intel(R) Management Engine Components\DAL;C:\Program Files\Intel\WiFi\bin\;C:\Program Files\Common Files\Intel\WirelessCommon\;C:\Program Files\TortoiseSVN\bin;C:\apache-maven-3.6.2-bin\apache-maven-3.6.2\bin;C:\Program Files\Java\jdk1.8.0_231\bin;C:\Users\mingle\Desktop\mrunali\SOAPUI\axis2-1.6.2\axis2-1.6.2\bin;C:\Program Files\PowerShell\6\;C:\Program Files\PowerShell\7-preview\preview;C:\WINDOWS\System32\OpenSSH\;C:\Program Files\Git\cmd;C:\Python27;C:\Program Files (x86)\Microsoft SDKs;."/>
    <property name="java.vm.info" value="mixed mode"/>
    <property name="java.vendor" value="Oracle Corporation"/>
    <property name="java.vm.version" value="25.231-b11"/>
    <property name="java.ext.dirs" value="C:\Program Files\Java\jdk1.8.0_231\jre\lib\ext;C:\WINDOWS\Sun\Java\lib\ext"/>
    <property name="sun.io.unicode.encoding" value="UnicodeLittle"/>
    <property name="java.class.version" value="52.0"/>
  </properties>
  <testcase name="initializeBrowser" classname="Academy.E2EProject.HomePageTest" time="5.649">
    <failure message="session not created: This version of ChromeDriver only supports Chrome version 79&#10;Build info: version: &apos;3.141.59&apos;, revision: &apos;e82be7d358&apos;, time: &apos;2018-11-14T08:17:03&apos;&#10;System info: host: &apos;MINGLE-T460&apos;, ip: &apos;10.98.50.17&apos;, os.name: &apos;Windows 10&apos;, os.arch: &apos;amd64&apos;, os.version: &apos;10.0&apos;, java.version: &apos;1.8.0_231&apos;&#10;Driver info: driver.version: ChromeDriver&#10;remote stacktrace: Backtrace:&#10;	Ordinal0 [0x006CA113+1548563]&#10;	Ordinal0 [0x0064DDA1+1039777]&#10;	Ordinal0 [0x005CE485+517253]&#10;	Ordinal0 [0x0055FD34+64820]&#10;	Ordinal0 [0x0055C61E+50718]&#10;	Ordinal0 [0x0057B797+178071]&#10;	Ordinal0 [0x0057B59D+177565]&#10;	Ordinal0 [0x005795FB+169467]&#10;	Ordinal0 [0x0056160A+71178]&#10;	Ordinal0 [0x00562690+75408]&#10;	Ordinal0 [0x00562629+75305]&#10;	Ordinal0 [0x006671B7+1143223]&#10;	GetHandleVerifier [0x00762B46+507814]&#10;	GetHandleVerifier [0x00762864+507076]&#10;	GetHandleVerifier [0x00769F47+537511]&#10;	GetHandleVerifier [0x00763402+510050]&#10;	Ordinal0 [0x0065F29C+1110684]&#10;	Ordinal0 [0x0066938B+1151883]&#10;	Ordinal0 [0x006694F3+1152243]&#10;	Ordinal0 [0x006683F5+1147893]&#10;	BaseThreadInitThunk [0x75366359+25]&#10;	RtlGetAppContainerNamedObjectPath [0x77397B74+228]&#10;	RtlGetAppContainerNamedObjectPath [0x77397B44+180]&#10;" type="org.openqa.selenium.SessionNotCreatedException">org.openqa.selenium.SessionNotCreatedException: 
session not created: This version of ChromeDriver only supports Chrome version 79
Build info: version: '3.141.59', revision: 'e82be7d358', time: '2018-11-14T08:17:03'
System info: host: 'MINGLE-T460', ip: '10.98.50.17', os.name: 'Windows 10', os.arch: 'amd64', os.version: '10.0', java.version: '1.8.0_231'
Driver info: driver.version: ChromeDriver
remote stacktrace: Backtrace:
	Ordinal0 [0x006CA113+1548563]
	Ordinal0 [0x0064DDA1+1039777]
	Ordinal0 [0x005CE485+517253]
	Ordinal0 [0x0055FD34+64820]
	Ordinal0 [0x0055C61E+50718]
	Ordinal0 [0x0057B797+178071]
	Ordinal0 [0x0057B59D+177565]
	Ordinal0 [0x005795FB+169467]
	Ordinal0 [0x0056160A+71178]
	Ordinal0 [0x00562690+75408]
	Ordinal0 [0x00562629+75305]
	Ordinal0 [0x006671B7+1143223]
	GetHandleVerifier [0x00762B46+507814]
	GetHandleVerifier [0x00762864+507076]
	GetHandleVerifier [0x00769F47+537511]
	GetHandleVerifier [0x00763402+510050]
	Ordinal0 [0x0065F29C+1110684]
	Ordinal0 [0x0066938B+1151883]
	Ordinal0 [0x006694F3+1152243]
	Ordinal0 [0x006683F5+1147893]
	BaseThreadInitThunk [0x75366359+25]
	RtlGetAppContainerNamedObjectPath [0x77397B74+228]
	RtlGetAppContainerNamedObjectPath [0x77397B44+180]

	at Academy.E2EProject.HomePageTest.initializeBrowser(HomePageTest.java:55)
</failure>
    <system-err><![CDATA[Starting ChromeDriver 79.0.3945.36 (3582db32b33893869b8c1339e8f4d9ed1816f143-refs/branch-heads/3945@{#614}) on port 31630
Only local connections are allowed.
Please protect ports used by ChromeDriver and related test frameworks to prevent access by malicious code.
]]></system-err>
  </testcase>
  <testcase name="loginOnWebsite" classname="Academy.E2EProject.HomePageTest" time="0">
    <skipped message="session not created: This version of ChromeDriver only supports Chrome version 79&#10;Build info: version: &apos;3.141.59&apos;, revision: &apos;e82be7d358&apos;, time: &apos;2018-11-14T08:17:03&apos;&#10;System info: host: &apos;MINGLE-T460&apos;, ip: &apos;10.98.50.17&apos;, os.name: &apos;Windows 10&apos;, os.arch: &apos;amd64&apos;, os.version: &apos;10.0&apos;, java.version: &apos;1.8.0_231&apos;&#10;Driver info: driver.version: ChromeDriver&#10;remote stacktrace: Backtrace:&#10;	Ordinal0 [0x006CA113+1548563]&#10;	Ordinal0 [0x0064DDA1+1039777]&#10;	Ordinal0 [0x005CE485+517253]&#10;	Ordinal0 [0x0055FD34+64820]&#10;	Ordinal0 [0x0055C61E+50718]&#10;	Ordinal0 [0x0057B797+178071]&#10;	Ordinal0 [0x0057B59D+177565]&#10;	Ordinal0 [0x005795FB+169467]&#10;	Ordinal0 [0x0056160A+71178]&#10;	Ordinal0 [0x00562690+75408]&#10;	Ordinal0 [0x00562629+75305]&#10;	Ordinal0 [0x006671B7+1143223]&#10;	GetHandleVerifier [0x00762B46+507814]&#10;	GetHandleVerifier [0x00762864+507076]&#10;	GetHandleVerifier [0x00769F47+537511]&#10;	GetHandleVerifier [0x00763402+510050]&#10;	Ordinal0 [0x0065F29C+1110684]&#10;	Ordinal0 [0x0066938B+1151883]&#10;	Ordinal0 [0x006694F3+1152243]&#10;	Ordinal0 [0x006683F5+1147893]&#10;	BaseThreadInitThunk [0x75366359+25]&#10;	RtlGetAppContainerNamedObjectPath [0x77397B74+228]&#10;	RtlGetAppContainerNamedObjectPath [0x77397B44+180]&#10;"/>
  </testcase>
  <testcase name="loginOnWebsite" classname="Academy.E2EProject.HomePageTest" time="0">
    <skipped message="session not created: This version of ChromeDriver only supports Chrome version 79&#10;Build info: version: &apos;3.141.59&apos;, revision: &apos;e82be7d358&apos;, time: &apos;2018-11-14T08:17:03&apos;&#10;System info: host: &apos;MINGLE-T460&apos;, ip: &apos;10.98.50.17&apos;, os.name: &apos;Windows 10&apos;, os.arch: &apos;amd64&apos;, os.version: &apos;10.0&apos;, java.version: &apos;1.8.0_231&apos;&#10;Driver info: driver.version: ChromeDriver&#10;remote stacktrace: Backtrace:&#10;	Ordinal0 [0x006CA113+1548563]&#10;	Ordinal0 [0x0064DDA1+1039777]&#10;	Ordinal0 [0x005CE485+517253]&#10;	Ordinal0 [0x0055FD34+64820]&#10;	Ordinal0 [0x0055C61E+50718]&#10;	Ordinal0 [0x0057B797+178071]&#10;	Ordinal0 [0x0057B59D+177565]&#10;	Ordinal0 [0x005795FB+169467]&#10;	Ordinal0 [0x0056160A+71178]&#10;	Ordinal0 [0x00562690+75408]&#10;	Ordinal0 [0x00562629+75305]&#10;	Ordinal0 [0x006671B7+1143223]&#10;	GetHandleVerifier [0x00762B46+507814]&#10;	GetHandleVerifier [0x00762864+507076]&#10;	GetHandleVerifier [0x00769F47+537511]&#10;	GetHandleVerifier [0x00763402+510050]&#10;	Ordinal0 [0x0065F29C+1110684]&#10;	Ordinal0 [0x0066938B+1151883]&#10;	Ordinal0 [0x006694F3+1152243]&#10;	Ordinal0 [0x006683F5+1147893]&#10;	BaseThreadInitThunk [0x75366359+25]&#10;	RtlGetAppContainerNamedObjectPath [0x77397B74+228]&#10;	RtlGetAppContainerNamedObjectPath [0x77397B44+180]&#10;"/>
  </testcase>
  <testcase name="teardown" classname="Academy.E2EProject.HomePageTest" time="0">
    <skipped/>
  </testcase>
</testsuite>