<?xml version="1.0" encoding="UTF-8"?>
<!-- Generated by org.testng.reporters.JUnitReportReporter -->
<testsuite skipped="3" hostname="mingle-t460" name="Academy.E2EProject.HomePageTest" tests="4" failures="0" timestamp="2020-05-18T15:41:35 IST" time="4.253" errors="1">
  <testcase name="initializeBrowser" time="4.253" classname="Academy.E2EProject.HomePageTest">
    <error type="org.openqa.selenium.SessionNotCreatedException" message="session not created: This version of ChromeDriver only supports Chrome version 79
Build info: version: &#039;3.141.59&#039;, revision: &#039;e82be7d358&#039;, time: &#039;2018-11-14T08:17:03&#039;
System info: host: &#039;MINGLE-T460&#039;, ip: &#039;10.98.50.17&#039;, os.name: &#039;Windows 10&#039;, os.arch: &#039;amd64&#039;, os.version: &#039;10.0&#039;, java.version: &#039;1.8.0_231&#039;
Driver info: driver.version: ChromeDriver
remote stacktrace: Backtrace:
	Ordinal0 [0x006CA113+1548563]
	Ordinal0 [0x0064DDA1+1039777]
	Ordinal0 [0x005CE485+517253]
	Ordinal0 [0x0055FD34+64820]
	Ordinal0 [0x0055C61E+50718]
	Ordinal0 [0x0057B797+178071]
	Ordinal0 [0x0057B59D+177565]
	Ordinal0 [0x005795FB+169467]
	Ordinal0 [0x0056160A+71178]
	Ordinal0 [0x00562690+75408]
	Ordinal0 [0x00562629+75305]
	Ordinal0 [0x006671B7+1143223]
	GetHandleVerifier [0x00762B46+507814]
	GetHandleVerifier [0x00762864+507076]
	GetHandleVerifier [0x00769F47+537511]
	GetHandleVerifier [0x00763402+510050]
	Ordinal0 [0x0065F29C+1110684]
	Ordinal0 [0x0066938B+1151883]
	Ordinal0 [0x006694F3+1152243]
	Ordinal0 [0x006683F5+1147893]
	BaseThreadInitThunk [0x75366359+25]
	RtlGetAppContainerNamedObjectPath [0x77397B74+228]
	RtlGetAppContainerNamedObjectPath [0x77397B44+180]
">
      <![CDATA[org.openqa.selenium.SessionNotCreatedException: session not created: This version of ChromeDriver only supports Chrome version 79
Build info: version: '3.141.59', revision: 'e82be7d358', time: '2018-11-14T08:17:03'
System info: host: 'MINGLE-T460', ip: '10.98.50.17', os.name: 'Windows 10', os.arch: 'amd64', os.version: '10.0', java.version: '1.8.0_231'
Driver info: driver.version: ChromeDriver
remote stacktrace: Backtrace:
Ordinal0 [0x006CA113+1548563]
Ordinal0 [0x0064DDA1+1039777]
Ordinal0 [0x005CE485+517253]
Ordinal0 [0x0055FD34+64820]
Ordinal0 [0x0055C61E+50718]
Ordinal0 [0x0057B797+178071]
Ordinal0 [0x0057B59D+177565]
Ordinal0 [0x005795FB+169467]
Ordinal0 [0x0056160A+71178]
Ordinal0 [0x00562690+75408]
Ordinal0 [0x00562629+75305]
Ordinal0 [0x006671B7+1143223]
GetHandleVerifier [0x00762B46+507814]
GetHandleVerifier [0x00762864+507076]
GetHandleVerifier [0x00769F47+537511]
GetHandleVerifier [0x00763402+510050]
Ordinal0 [0x0065F29C+1110684]
Ordinal0 [0x0066938B+1151883]
Ordinal0 [0x006694F3+1152243]
Ordinal0 [0x006683F5+1147893]
BaseThreadInitThunk [0x75366359+25]
RtlGetAppContainerNamedObjectPath [0x77397B74+228]
RtlGetAppContainerNamedObjectPath [0x77397B44+180]

at sun.reflect.NativeConstructorAccessorImpl.newInstance0(Native Method)
at sun.reflect.NativeConstructorAccessorImpl.newInstance(NativeConstructorAccessorImpl.java:62)
at sun.reflect.DelegatingConstructorAccessorImpl.newInstance(DelegatingConstructorAccessorImpl.java:45)
at java.lang.reflect.Constructor.newInstance(Constructor.java:423)
at org.openqa.selenium.remote.W3CHandshakeResponse.lambda$errorHandler$0(W3CHandshakeResponse.java:62)
at org.openqa.selenium.remote.HandshakeResponse.lambda$getResponseFunction$0(HandshakeResponse.java:30)
at org.openqa.selenium.remote.ProtocolHandshake.lambda$createSession$0(ProtocolHandshake.java:126)
at java.util.stream.ReferencePipeline$3$1.accept(ReferencePipeline.java:193)
at java.util.Spliterators$ArraySpliterator.tryAdvance(Spliterators.java:958)
at java.util.stream.ReferencePipeline.forEachWithCancel(ReferencePipeline.java:126)
at java.util.stream.AbstractPipeline.copyIntoWithCancel(AbstractPipeline.java:499)
at java.util.stream.AbstractPipeline.copyInto(AbstractPipeline.java:486)
at java.util.stream.AbstractPipeline.wrapAndCopyInto(AbstractPipeline.java:472)
at java.util.stream.FindOps$FindOp.evaluateSequential(FindOps.java:152)
at java.util.stream.AbstractPipeline.evaluate(AbstractPipeline.java:234)
at java.util.stream.ReferencePipeline.findFirst(ReferencePipeline.java:464)
at org.openqa.selenium.remote.ProtocolHandshake.createSession(ProtocolHandshake.java:128)
at org.openqa.selenium.remote.ProtocolHandshake.createSession(ProtocolHandshake.java:74)
at org.openqa.selenium.remote.HttpCommandExecutor.execute(HttpCommandExecutor.java:136)
at org.openqa.selenium.remote.service.DriverCommandExecutor.execute(DriverCommandExecutor.java:83)
at org.openqa.selenium.remote.RemoteWebDriver.execute(RemoteWebDriver.java:552)
at org.openqa.selenium.remote.RemoteWebDriver.startSession(RemoteWebDriver.java:213)
at org.openqa.selenium.remote.RemoteWebDriver.<init>(RemoteWebDriver.java:131)
at org.openqa.selenium.chrome.ChromeDriver.<init>(ChromeDriver.java:181)
at org.openqa.selenium.chrome.ChromeDriver.<init>(ChromeDriver.java:168)
at org.openqa.selenium.chrome.ChromeDriver.<init>(ChromeDriver.java:157)
at resources.Base.intializeDriver(Base.java:48)
at Academy.E2EProject.HomePageTest.initializeBrowser(HomePageTest.java:55)
at sun.reflect.NativeMethodAccessorImpl.invoke0(Native Method)
at sun.reflect.NativeMethodAccessorImpl.invoke(NativeMethodAccessorImpl.java:62)
at sun.reflect.DelegatingMethodAccessorImpl.invoke(DelegatingMethodAccessorImpl.java:43)
at java.lang.reflect.Method.invoke(Method.java:498)
at org.testng.internal.MethodInvocationHelper.invokeMethod(MethodInvocationHelper.java:134)
at org.testng.internal.MethodInvocationHelper.invokeMethodConsideringTimeout(MethodInvocationHelper.java:63)
at org.testng.internal.ConfigInvoker.invokeConfigurationMethod(ConfigInvoker.java:348)
at org.testng.internal.ConfigInvoker.invokeConfigurations(ConfigInvoker.java:302)
at org.testng.TestRunner.invokeTestConfigurations(TestRunner.java:619)
at org.testng.TestRunner.beforeRun(TestRunner.java:609)
at org.testng.TestRunner.run(TestRunner.java:580)
at org.testng.SuiteRunner.runTest(SuiteRunner.java:384)
at org.testng.SuiteRunner.runSequentially(SuiteRunner.java:378)
at org.testng.SuiteRunner.privateRun(SuiteRunner.java:337)
at org.testng.SuiteRunner.run(SuiteRunner.java:286)
at org.testng.SuiteRunnerWorker.runSuite(SuiteRunnerWorker.java:53)
at org.testng.SuiteRunnerWorker.run(SuiteRunnerWorker.java:96)
at org.testng.TestNG.runSuitesSequentially(TestNG.java:1187)
at org.testng.TestNG.runSuitesLocally(TestNG.java:1109)
at org.testng.TestNG.runSuites(TestNG.java:1039)
at org.testng.TestNG.run(TestNG.java:1007)
at org.apache.maven.surefire.testng.TestNGExecutor.run(TestNGExecutor.java:135)
at org.apache.maven.surefire.testng.TestNGDirectoryTestSuite.executeSingleClass(TestNGDirectoryTestSuite.java:112)
at org.apache.maven.surefire.testng.TestNGDirectoryTestSuite.execute(TestNGDirectoryTestSuite.java:99)
at org.apache.maven.surefire.testng.TestNGProvider.invoke(TestNGProvider.java:146)
at org.apache.maven.surefire.booter.ForkedBooter.invokeProviderInSameClassLoader(ForkedBooter.java:384)
at org.apache.maven.surefire.booter.ForkedBooter.runSuitesInProcess(ForkedBooter.java:345)
at org.apache.maven.surefire.booter.ForkedBooter.execute(ForkedBooter.java:126)
at org.apache.maven.surefire.booter.ForkedBooter.main(ForkedBooter.java:418)
]]>
    </error>
  </testcase> <!-- initializeBrowser -->
  <system-out/>
  <testcase name="loginOnWebsite" time="0.000" classname="Academy.E2EProject.HomePageTest">
    <skipped/>
  </testcase> <!-- loginOnWebsite -->
  <system-out/>
  <testcase name="loginOnWebsite" time="0.000" classname="Academy.E2EProject.HomePageTest">
    <skipped/>
  </testcase> <!-- loginOnWebsite -->
  <system-out/>
  <testcase name="verificationOfContactTabDisplayed" classname="Academy.E2EProject.HomePageTest">
    <skipped/>
  </testcase> <!-- verificationOfContactTabDisplayed -->
  <system-out/>
</testsuite> <!-- Academy.E2EProject.HomePageTest -->
